<?xml version="1.0" encoding="UTF-8"?>
<!-- Generated by org.testng.reporters.JUnitXMLReporter -->
<testsuite hostname="DESKTOP-4TC7IE6" ignored="0" name="AltorMutual Login" tests="2" failures="0" timestamp="2021-05-15T16:55:32 IST" time="14.84" errors="0">
  <testcase name="loginAltoroMutual_admin" time="10.141" classname="com.seleniumtest.testng.MutualLogin"/>
  <testcase name="loginAlotroMutual_Sample" time="0.001" classname="com.seleniumtest.testng.MutualLogin"/>
</testsuite> <!-- AltorMutual Login -->
