<?xml version="1.0" encoding="UTF-8"?>
<!-- Generated by org.testng.reporters.JUnitXMLReporter -->
<testsuite hostname="DESKTOP-4TC7IE6" ignored="0" name="AltorMutual Login" tests="2" failures="0" timestamp="2021-04-04T16:06:49 IST" time="13.088" errors="0">
  <testcase name="loginAltoroMutual_admin" time="8.457" classname="com.seleniumtest.testng.MutualLogin"/>
  <testcase name="loginAlotroMutual_Sample" time="0.001" classname="com.seleniumtest.testng.MutualLogin"/>
</testsuite> <!-- AltorMutual Login -->
